{"D:\\Learning\\Assesment_ozooo\\backend\\index.js": {"path":"D:\\Learning\\Assesment_ozooo\\backend\\index.js","statementMap":{"0":{"start":{"line":1,"column":16},"end":{"line":1,"column":34}},"1":{"start":{"line":2,"column":23},"end":{"line":2,"column":63}},"2":{"start":{"line":3,"column":26},"end":{"line":3,"column":69}},"3":{"start":{"line":4,"column":12},"end":{"line":4,"column":21}},"4":{"start":{"line":5,"column":13},"end":{"line":5,"column":37}},"5":{"start":{"line":6,"column":0},"end":{"line":6,"column":27}},"6":{"start":{"line":7,"column":0},"end":{"line":7,"column":24}},"7":{"start":{"line":8,"column":0},"end":{"line":8,"column":49}},"8":{"start":{"line":9,"column":0},"end":{"line":9,"column":34}},"9":{"start":{"line":10,"column":0},"end":{"line":10,"column":39}},"10":{"start":{"line":12,"column":0},"end":{"line":16,"column":1}},"11":{"start":{"line":13,"column":2},"end":{"line":15,"column":5}},"12":{"start":{"line":14,"column":4},"end":{"line":14,"column":69}},"13":{"start":{"line":18,"column":0},"end":{"line":18,"column":21}}},"fnMap":{"0":{"name":"(anonymous_0)","decl":{"start":{"line":13,"column":19},"end":{"line":13,"column":20}},"loc":{"start":{"line":13,"column":25},"end":{"line":15,"column":3}},"line":13}},"branchMap":{"0":{"loc":{"start":{"line":5,"column":13},"end":{"line":5,"column":37}},"type":"binary-expr","locations":[{"start":{"line":5,"column":13},"end":{"line":5,"column":29}},{"start":{"line":5,"column":33},"end":{"line":5,"column":37}}],"line":5},"1":{"loc":{"start":{"line":12,"column":0},"end":{"line":16,"column":1}},"type":"if","locations":[{"start":{"line":12,"column":0},"end":{"line":16,"column":1}},{"start":{"line":12,"column":0},"end":{"line":16,"column":1}}],"line":12}},"s":{"0":2,"1":2,"2":2,"3":2,"4":2,"5":2,"6":2,"7":2,"8":2,"9":2,"10":2,"11":0,"12":0,"13":2},"f":{"0":0},"b":{"0":[2,2],"1":[0,2]},"_coverageSchema":"1a1c01bbd47fc00a2c39e90264f33305004495a9","hash":"cd9e323766c8b65348b27491e95cb47f33b3a60e"}
,"D:\\Learning\\Assesment_ozooo\\backend\\controllers\\subtask.controller.js": {"path":"D:\\Learning\\Assesment_ozooo\\backend\\controllers\\subtask.controller.js","statementMap":{"0":{"start":{"line":1,"column":16},"end":{"line":1,"column":34}},"1":{"start":{"line":2,"column":16},"end":{"line":2,"column":45}},"2":{"start":{"line":3,"column":19},"end":{"line":3,"column":35}},"3":{"start":{"line":5,"column":0},"end":{"line":22,"column":3}},"4":{"start":{"line":6,"column":22},"end":{"line":9,"column":3}},"5":{"start":{"line":10,"column":29},"end":{"line":10,"column":37}},"6":{"start":{"line":11,"column":2},"end":{"line":11,"column":70}},"7":{"start":{"line":12,"column":2},"end":{"line":21,"column":3}},"8":{"start":{"line":13,"column":19},"end":{"line":13,"column":61}},"9":{"start":{"line":14,"column":4},"end":{"line":17,"column":5}},"10":{"start":{"line":15,"column":6},"end":{"line":15,"column":22}},"11":{"start":{"line":16,"column":6},"end":{"line":16,"column":74}},"12":{"start":{"line":19,"column":4},"end":{"line":19,"column":20}},"13":{"start":{"line":20,"column":4},"end":{"line":20,"column":39}},"14":{"start":{"line":23,"column":0},"end":{"line":35,"column":3}},"15":{"start":{"line":24,"column":25},"end":{"line":24,"column":33}},"16":{"start":{"line":25,"column":2},"end":{"line":34,"column":3}},"17":{"start":{"line":26,"column":19},"end":{"line":26,"column":70}},"18":{"start":{"line":27,"column":4},"end":{"line":30,"column":5}},"19":{"start":{"line":28,"column":6},"end":{"line":28,"column":22}},"20":{"start":{"line":29,"column":6},"end":{"line":29,"column":52}},"21":{"start":{"line":32,"column":4},"end":{"line":32,"column":20}},"22":{"start":{"line":33,"column":4},"end":{"line":33,"column":39}},"23":{"start":{"line":37,"column":0},"end":{"line":37,"column":28}}},"fnMap":{"0":{"name":"(anonymous_0)","decl":{"start":{"line":5,"column":27},"end":{"line":5,"column":28}},"loc":{"start":{"line":5,"column":47},"end":{"line":22,"column":1}},"line":5},"1":{"name":"(anonymous_1)","decl":{"start":{"line":23,"column":26},"end":{"line":23,"column":27}},"loc":{"start":{"line":23,"column":46},"end":{"line":35,"column":1}},"line":23}},"branchMap":{"0":{"loc":{"start":{"line":14,"column":4},"end":{"line":17,"column":5}},"type":"if","locations":[{"start":{"line":14,"column":4},"end":{"line":17,"column":5}},{"start":{"line":14,"column":4},"end":{"line":17,"column":5}}],"line":14},"1":{"loc":{"start":{"line":27,"column":4},"end":{"line":30,"column":5}},"type":"if","locations":[{"start":{"line":27,"column":4},"end":{"line":30,"column":5}},{"start":{"line":27,"column":4},"end":{"line":30,"column":5}}],"line":27}},"s":{"0":2,"1":2,"2":2,"3":2,"4":1,"5":1,"6":1,"7":1,"8":1,"9":1,"10":1,"11":1,"12":0,"13":0,"14":2,"15":1,"16":1,"17":1,"18":1,"19":1,"20":1,"21":0,"22":0,"23":2},"f":{"0":1,"1":1},"b":{"0":[1,0],"1":[1,0]},"_coverageSchema":"1a1c01bbd47fc00a2c39e90264f33305004495a9","hash":"b6d2aa3196b72b631a5f0d74458327ea9e83f2bf"}
,"D:\\Learning\\Assesment_ozooo\\backend\\controllers\\todo.controller.js": {"path":"D:\\Learning\\Assesment_ozooo\\backend\\controllers\\todo.controller.js","statementMap":{"0":{"start":{"line":1,"column":16},"end":{"line":1,"column":34}},"1":{"start":{"line":2,"column":13},"end":{"line":2,"column":39}},"2":{"start":{"line":3,"column":16},"end":{"line":3,"column":45}},"3":{"start":{"line":5,"column":19},"end":{"line":5,"column":35}},"4":{"start":{"line":7,"column":0},"end":{"line":16,"column":3}},"5":{"start":{"line":8,"column":2},"end":{"line":15,"column":3}},"6":{"start":{"line":9,"column":19},"end":{"line":9,"column":39}},"7":{"start":{"line":10,"column":4},"end":{"line":10,"column":20}},"8":{"start":{"line":11,"column":4},"end":{"line":11,"column":23}},"9":{"start":{"line":13,"column":4},"end":{"line":13,"column":20}},"10":{"start":{"line":14,"column":4},"end":{"line":14,"column":39}},"11":{"start":{"line":18,"column":0},"end":{"line":35,"column":3}},"12":{"start":{"line":19,"column":19},"end":{"line":22,"column":3}},"13":{"start":{"line":23,"column":17},"end":{"line":23,"column":25}},"14":{"start":{"line":24,"column":2},"end":{"line":24,"column":56}},"15":{"start":{"line":25,"column":2},"end":{"line":34,"column":3}},"16":{"start":{"line":26,"column":19},"end":{"line":26,"column":52}},"17":{"start":{"line":27,"column":4},"end":{"line":30,"column":5}},"18":{"start":{"line":28,"column":6},"end":{"line":28,"column":22}},"19":{"start":{"line":29,"column":6},"end":{"line":29,"column":74}},"20":{"start":{"line":32,"column":4},"end":{"line":32,"column":20}},"21":{"start":{"line":33,"column":4},"end":{"line":33,"column":39}},"22":{"start":{"line":36,"column":0},"end":{"line":54,"column":3}},"23":{"start":{"line":37,"column":25},"end":{"line":37,"column":33}},"24":{"start":{"line":38,"column":2},"end":{"line":53,"column":3}},"25":{"start":{"line":39,"column":19},"end":{"line":39,"column":64}},"26":{"start":{"line":40,"column":4},"end":{"line":49,"column":5}},"27":{"start":{"line":41,"column":6},"end":{"line":46,"column":7}},"28":{"start":{"line":42,"column":22},"end":{"line":42,"column":66}},"29":{"start":{"line":43,"column":8},"end":{"line":45,"column":11}},"30":{"start":{"line":44,"column":10},"end":{"line":44,"column":74}},"31":{"start":{"line":47,"column":6},"end":{"line":47,"column":22}},"32":{"start":{"line":48,"column":6},"end":{"line":48,"column":52}},"33":{"start":{"line":51,"column":4},"end":{"line":51,"column":20}},"34":{"start":{"line":52,"column":4},"end":{"line":52,"column":39}},"35":{"start":{"line":56,"column":0},"end":{"line":56,"column":28}}},"fnMap":{"0":{"name":"(anonymous_0)","decl":{"start":{"line":7,"column":20},"end":{"line":7,"column":21}},"loc":{"start":{"line":7,"column":40},"end":{"line":16,"column":1}},"line":7},"1":{"name":"(anonymous_1)","decl":{"start":{"line":18,"column":27},"end":{"line":18,"column":28}},"loc":{"start":{"line":18,"column":47},"end":{"line":35,"column":1}},"line":18},"2":{"name":"(anonymous_2)","decl":{"start":{"line":36,"column":26},"end":{"line":36,"column":27}},"loc":{"start":{"line":36,"column":46},"end":{"line":54,"column":1}},"line":36},"3":{"name":"(anonymous_3)","decl":{"start":{"line":43,"column":20},"end":{"line":43,"column":21}},"loc":{"start":{"line":43,"column":36},"end":{"line":45,"column":9}},"line":43}},"branchMap":{"0":{"loc":{"start":{"line":27,"column":4},"end":{"line":30,"column":5}},"type":"if","locations":[{"start":{"line":27,"column":4},"end":{"line":30,"column":5}},{"start":{"line":27,"column":4},"end":{"line":30,"column":5}}],"line":27},"1":{"loc":{"start":{"line":40,"column":4},"end":{"line":49,"column":5}},"type":"if","locations":[{"start":{"line":40,"column":4},"end":{"line":49,"column":5}},{"start":{"line":40,"column":4},"end":{"line":49,"column":5}}],"line":40},"2":{"loc":{"start":{"line":41,"column":6},"end":{"line":46,"column":7}},"type":"if","locations":[{"start":{"line":41,"column":6},"end":{"line":46,"column":7}},{"start":{"line":41,"column":6},"end":{"line":46,"column":7}}],"line":41}},"s":{"0":2,"1":2,"2":2,"3":2,"4":2,"5":1,"6":1,"7":1,"8":1,"9":0,"10":0,"11":2,"12":2,"13":2,"14":2,"15":2,"16":2,"17":2,"18":2,"19":2,"20":0,"21":0,"22":2,"23":1,"24":1,"25":1,"26":1,"27":1,"28":1,"29":1,"30":0,"31":1,"32":1,"33":0,"34":0,"35":2},"f":{"0":1,"1":2,"2":1,"3":0},"b":{"0":[2,0],"1":[1,0],"2":[1,0]},"_coverageSchema":"1a1c01bbd47fc00a2c39e90264f33305004495a9","hash":"e57d8e3920523e0533b831303a75884d28aaf6d4"}
,"D:\\Learning\\Assesment_ozooo\\backend\\dao\\subtask.dao.js": {"path":"D:\\Learning\\Assesment_ozooo\\backend\\dao\\subtask.dao.js","statementMap":{"0":{"start":{"line":1,"column":11},"end":{"line":1,"column":44}},"1":{"start":{"line":3,"column":22},"end":{"line":11,"column":1}},"2":{"start":{"line":5,"column":2},"end":{"line":10,"column":3}},"3":{"start":{"line":6,"column":4},"end":{"line":6,"column":50}},"4":{"start":{"line":7,"column":4},"end":{"line":7,"column":27}},"5":{"start":{"line":9,"column":4},"end":{"line":9,"column":52}},"6":{"start":{"line":13,"column":22},"end":{"line":21,"column":1}},"7":{"start":{"line":15,"column":2},"end":{"line":20,"column":3}},"8":{"start":{"line":16,"column":4},"end":{"line":16,"column":73}},"9":{"start":{"line":17,"column":4},"end":{"line":17,"column":16}},"10":{"start":{"line":19,"column":4},"end":{"line":19,"column":49}},"11":{"start":{"line":22,"column":20},"end":{"line":30,"column":1}},"12":{"start":{"line":24,"column":2},"end":{"line":29,"column":3}},"13":{"start":{"line":25,"column":4},"end":{"line":25,"column":64}},"14":{"start":{"line":26,"column":4},"end":{"line":26,"column":27}},"15":{"start":{"line":28,"column":4},"end":{"line":28,"column":52}},"16":{"start":{"line":32,"column":23},"end":{"line":40,"column":1}},"17":{"start":{"line":34,"column":2},"end":{"line":39,"column":3}},"18":{"start":{"line":35,"column":4},"end":{"line":35,"column":64}},"19":{"start":{"line":36,"column":4},"end":{"line":36,"column":51}},"20":{"start":{"line":36,"column":32},"end":{"line":36,"column":49}},"21":{"start":{"line":38,"column":4},"end":{"line":38,"column":52}},"22":{"start":{"line":42,"column":0},"end":{"line":47,"column":2}}},"fnMap":{"0":{"name":"(anonymous_0)","decl":{"start":{"line":3,"column":22},"end":{"line":3,"column":23}},"loc":{"start":{"line":3,"column":47},"end":{"line":11,"column":1}},"line":3},"1":{"name":"(anonymous_1)","decl":{"start":{"line":13,"column":22},"end":{"line":13,"column":23}},"loc":{"start":{"line":13,"column":51},"end":{"line":21,"column":1}},"line":13},"2":{"name":"(anonymous_2)","decl":{"start":{"line":22,"column":20},"end":{"line":22,"column":21}},"loc":{"start":{"line":22,"column":40},"end":{"line":30,"column":1}},"line":22},"3":{"name":"(anonymous_3)","decl":{"start":{"line":32,"column":23},"end":{"line":32,"column":24}},"loc":{"start":{"line":32,"column":43},"end":{"line":40,"column":1}},"line":32},"4":{"name":"(anonymous_4)","decl":{"start":{"line":36,"column":20},"end":{"line":36,"column":21}},"loc":{"start":{"line":36,"column":32},"end":{"line":36,"column":49}},"line":36}},"branchMap":{},"s":{"0":3,"1":3,"2":3,"3":3,"4":2,"5":1,"6":3,"7":2,"8":2,"9":2,"10":0,"11":3,"12":1,"13":1,"14":1,"15":0,"16":3,"17":2,"18":2,"19":2,"20":17,"21":0,"22":3},"f":{"0":3,"1":2,"2":1,"3":2,"4":17},"b":{},"_coverageSchema":"1a1c01bbd47fc00a2c39e90264f33305004495a9","hash":"9c8ce00310d362c97bb19f5c296c67612e38224b"}
,"D:\\Learning\\Assesment_ozooo\\backend\\dao\\todo.dao.js": {"path":"D:\\Learning\\Assesment_ozooo\\backend\\dao\\todo.dao.js","statementMap":{"0":{"start":{"line":1,"column":11},"end":{"line":1,"column":44}},"1":{"start":{"line":3,"column":19},"end":{"line":11,"column":1}},"2":{"start":{"line":5,"column":2},"end":{"line":10,"column":3}},"3":{"start":{"line":6,"column":4},"end":{"line":6,"column":71}},"4":{"start":{"line":7,"column":4},"end":{"line":7,"column":27}},"5":{"start":{"line":9,"column":4},"end":{"line":9,"column":49}},"6":{"start":{"line":13,"column":19},"end":{"line":21,"column":1}},"7":{"start":{"line":15,"column":2},"end":{"line":20,"column":3}},"8":{"start":{"line":16,"column":4},"end":{"line":16,"column":67}},"9":{"start":{"line":17,"column":4},"end":{"line":17,"column":16}},"10":{"start":{"line":19,"column":4},"end":{"line":19,"column":49}},"11":{"start":{"line":23,"column":17},"end":{"line":34,"column":1}},"12":{"start":{"line":25,"column":2},"end":{"line":33,"column":3}},"13":{"start":{"line":26,"column":4},"end":{"line":29,"column":7}},"14":{"start":{"line":30,"column":4},"end":{"line":30,"column":27}},"15":{"start":{"line":32,"column":4},"end":{"line":32,"column":52}},"16":{"start":{"line":36,"column":16},"end":{"line":44,"column":1}},"17":{"start":{"line":38,"column":2},"end":{"line":43,"column":3}},"18":{"start":{"line":39,"column":4},"end":{"line":39,"column":60}},"19":{"start":{"line":40,"column":4},"end":{"line":40,"column":51}},"20":{"start":{"line":40,"column":32},"end":{"line":40,"column":49}},"21":{"start":{"line":42,"column":4},"end":{"line":42,"column":52}},"22":{"start":{"line":46,"column":0},"end":{"line":51,"column":2}}},"fnMap":{"0":{"name":"(anonymous_0)","decl":{"start":{"line":3,"column":19},"end":{"line":3,"column":20}},"loc":{"start":{"line":3,"column":41},"end":{"line":11,"column":1}},"line":3},"1":{"name":"(anonymous_1)","decl":{"start":{"line":13,"column":19},"end":{"line":13,"column":20}},"loc":{"start":{"line":13,"column":45},"end":{"line":21,"column":1}},"line":13},"2":{"name":"(anonymous_2)","decl":{"start":{"line":23,"column":17},"end":{"line":23,"column":18}},"loc":{"start":{"line":23,"column":37},"end":{"line":34,"column":1}},"line":23},"3":{"name":"(anonymous_3)","decl":{"start":{"line":36,"column":16},"end":{"line":36,"column":17}},"loc":{"start":{"line":36,"column":28},"end":{"line":44,"column":1}},"line":36},"4":{"name":"(anonymous_4)","decl":{"start":{"line":40,"column":20},"end":{"line":40,"column":21}},"loc":{"start":{"line":40,"column":32},"end":{"line":40,"column":49}},"line":40}},"branchMap":{},"s":{"0":4,"1":4,"2":5,"3":5,"4":4,"5":1,"6":4,"7":2,"8":2,"9":2,"10":0,"11":4,"12":2,"13":2,"14":2,"15":0,"16":4,"17":2,"18":2,"19":2,"20":27,"21":0,"22":4},"f":{"0":5,"1":2,"2":2,"3":2,"4":27},"b":{},"_coverageSchema":"1a1c01bbd47fc00a2c39e90264f33305004495a9","hash":"51465878668d0c0ba725a40dc6761ead62b9f1ab"}
,"D:\\Learning\\Assesment_ozooo\\backend\\dbconfig\\connection.js": {"path":"D:\\Learning\\Assesment_ozooo\\backend\\dbconfig\\connection.js","statementMap":{"0":{"start":{"line":1,"column":17},"end":{"line":1,"column":44}},"1":{"start":{"line":2,"column":18},"end":{"line":2,"column":38}},"2":{"start":{"line":4,"column":12},"end":{"line":14,"column":1}},"3":{"start":{"line":15,"column":11},"end":{"line":15,"column":13}},"4":{"start":{"line":16,"column":0},"end":{"line":16,"column":13}},"5":{"start":{"line":17,"column":0},"end":{"line":17,"column":47}},"6":{"start":{"line":18,"column":0},"end":{"line":18,"column":50}},"7":{"start":{"line":19,"column":0},"end":{"line":19,"column":28}},"8":{"start":{"line":20,"column":0},"end":{"line":20,"column":30}},"9":{"start":{"line":21,"column":0},"end":{"line":21,"column":20}}},"fnMap":{},"branchMap":{},"s":{"0":4,"1":4,"2":4,"3":4,"4":4,"5":4,"6":4,"7":4,"8":4,"9":4},"f":{},"b":{},"_coverageSchema":"1a1c01bbd47fc00a2c39e90264f33305004495a9","hash":"970c63f99ddcc424aedd4a03c392bb910ea1f685"}
,"D:\\Learning\\Assesment_ozooo\\backend\\models\\Task.model.js": {"path":"D:\\Learning\\Assesment_ozooo\\backend\\models\\Task.model.js","statementMap":{"0":{"start":{"line":1,"column":18},"end":{"line":1,"column":38}},"1":{"start":{"line":3,"column":0},"end":{"line":29,"column":2}},"2":{"start":{"line":4,"column":18},"end":{"line":27,"column":3}},"3":{"start":{"line":28,"column":2},"end":{"line":28,"column":17}}},"fnMap":{"0":{"name":"(anonymous_0)","decl":{"start":{"line":3,"column":17},"end":{"line":3,"column":18}},"loc":{"start":{"line":3,"column":26},"end":{"line":29,"column":1}},"line":3}},"branchMap":{},"s":{"0":4,"1":4,"2":4,"3":4},"f":{"0":4},"b":{},"_coverageSchema":"1a1c01bbd47fc00a2c39e90264f33305004495a9","hash":"102e1bd9206924456d9dbc2c94cf8a4df4cc1556"}
,"D:\\Learning\\Assesment_ozooo\\backend\\models\\Todo.model.js": {"path":"D:\\Learning\\Assesment_ozooo\\backend\\models\\Todo.model.js","statementMap":{"0":{"start":{"line":1,"column":18},"end":{"line":1,"column":38}},"1":{"start":{"line":3,"column":0},"end":{"line":29,"column":2}},"2":{"start":{"line":4,"column":15},"end":{"line":27,"column":3}},"3":{"start":{"line":28,"column":2},"end":{"line":28,"column":14}}},"fnMap":{"0":{"name":"(anonymous_0)","decl":{"start":{"line":3,"column":17},"end":{"line":3,"column":18}},"loc":{"start":{"line":3,"column":26},"end":{"line":29,"column":1}},"line":3}},"branchMap":{},"s":{"0":4,"1":4,"2":4,"3":4},"f":{"0":4},"b":{},"_coverageSchema":"1a1c01bbd47fc00a2c39e90264f33305004495a9","hash":"d27ec321fd87c817f84e8fe59ab0663ab6b34c77"}
}
