TN:
SF:index.js
FN:13,(anonymous_0)
FNF:1
FNH:0
FNDA:0,(anonymous_0)
DA:1,2
DA:2,2
DA:3,2
DA:4,2
DA:5,2
DA:6,2
DA:7,2
DA:8,2
DA:9,2
DA:10,2
DA:12,2
DA:13,0
DA:14,0
DA:18,2
LF:14
LH:12
BRDA:5,0,0,2
BRDA:5,0,1,2
BRDA:12,1,0,0
BRDA:12,1,1,2
BRF:4
BRH:3
end_of_record
TN:
SF:controllers\subtask.controller.js
FN:5,(anonymous_0)
FN:23,(anonymous_1)
FNF:2
FNH:2
FNDA:1,(anonymous_0)
FNDA:1,(anonymous_1)
DA:1,2
DA:2,2
DA:3,2
DA:5,2
DA:6,1
DA:10,1
DA:11,1
DA:12,1
DA:13,1
DA:14,1
DA:15,1
DA:16,1
DA:19,0
DA:20,0
DA:23,2
DA:24,1
DA:25,1
DA:26,1
DA:27,1
DA:28,1
DA:29,1
DA:32,0
DA:33,0
DA:37,2
LF:24
LH:20
BRDA:14,0,0,1
BRDA:14,0,1,0
BRDA:27,1,0,1
BRDA:27,1,1,0
BRF:4
BRH:2
end_of_record
TN:
SF:controllers\todo.controller.js
FN:7,(anonymous_0)
FN:18,(anonymous_1)
FN:36,(anonymous_2)
FN:43,(anonymous_3)
FNF:4
FNH:3
FNDA:1,(anonymous_0)
FNDA:2,(anonymous_1)
FNDA:1,(anonymous_2)
FNDA:0,(anonymous_3)
DA:1,2
DA:2,2
DA:3,2
DA:5,2
DA:7,2
DA:8,1
DA:9,1
DA:10,1
DA:11,1
DA:13,0
DA:14,0
DA:18,2
DA:19,2
DA:23,2
DA:24,2
DA:25,2
DA:26,2
DA:27,2
DA:28,2
DA:29,2
DA:32,0
DA:33,0
DA:36,2
DA:37,1
DA:38,1
DA:39,1
DA:40,1
DA:41,1
DA:42,1
DA:43,1
DA:44,0
DA:47,1
DA:48,1
DA:51,0
DA:52,0
DA:56,2
LF:36
LH:29
BRDA:27,0,0,2
BRDA:27,0,1,0
BRDA:40,1,0,1
BRDA:40,1,1,0
BRDA:41,2,0,1
BRDA:41,2,1,0
BRF:6
BRH:3
end_of_record
TN:
SF:dao\subtask.dao.js
FN:3,(anonymous_0)
FN:13,(anonymous_1)
FN:22,(anonymous_2)
FN:32,(anonymous_3)
FN:36,(anonymous_4)
FNF:5
FNH:5
FNDA:3,(anonymous_0)
FNDA:2,(anonymous_1)
FNDA:1,(anonymous_2)
FNDA:2,(anonymous_3)
FNDA:17,(anonymous_4)
DA:1,3
DA:3,3
DA:5,3
DA:6,3
DA:7,2
DA:9,1
DA:13,3
DA:15,2
DA:16,2
DA:17,2
DA:19,0
DA:22,3
DA:24,1
DA:25,1
DA:26,1
DA:28,0
DA:32,3
DA:34,2
DA:35,2
DA:36,17
DA:38,0
DA:42,3
LF:22
LH:19
BRF:0
BRH:0
end_of_record
TN:
SF:dao\todo.dao.js
FN:3,(anonymous_0)
FN:13,(anonymous_1)
FN:23,(anonymous_2)
FN:36,(anonymous_3)
FN:40,(anonymous_4)
FNF:5
FNH:5
FNDA:5,(anonymous_0)
FNDA:2,(anonymous_1)
FNDA:2,(anonymous_2)
FNDA:2,(anonymous_3)
FNDA:27,(anonymous_4)
DA:1,4
DA:3,4
DA:5,5
DA:6,5
DA:7,4
DA:9,1
DA:13,4
DA:15,2
DA:16,2
DA:17,2
DA:19,0
DA:23,4
DA:25,2
DA:26,2
DA:30,2
DA:32,0
DA:36,4
DA:38,2
DA:39,2
DA:40,27
DA:42,0
DA:46,4
LF:22
LH:19
BRF:0
BRH:0
end_of_record
TN:
SF:dbconfig\connection.js
FNF:0
FNH:0
DA:1,4
DA:2,4
DA:4,4
DA:15,4
DA:16,4
DA:17,4
DA:18,4
DA:19,4
DA:20,4
DA:21,4
LF:10
LH:10
BRF:0
BRH:0
end_of_record
TN:
SF:models\Task.model.js
FN:3,(anonymous_0)
FNF:1
FNH:1
FNDA:4,(anonymous_0)
DA:1,4
DA:3,4
DA:4,4
DA:28,4
LF:4
LH:4
BRF:0
BRH:0
end_of_record
TN:
SF:models\Todo.model.js
FN:3,(anonymous_0)
FNF:1
FNH:1
FNDA:4,(anonymous_0)
DA:1,4
DA:3,4
DA:4,4
DA:28,4
LF:4
LH:4
BRF:0
BRH:0
end_of_record
